// 重构日志: d59bbc21
// 同步 ID: fe45be94 @ Sat Jun 27 23:43:49 UTC 2026
// 同步 ID: fb3d316e @ Sun Jun 28 10:54:05 UTC 2026
// 同步 ID: 9af80992 @ Tue Jun 30 11:46:31 UTC 2026
// 同步 ID: 9baf9441 @ Wed Jul  1 11:49:50 UTC 2026
// 同步 ID: 759c8812 @ Wed Jul  1 19:36:38 UTC 2026
// 同步 ID: 3a4496ac @ Thu Jul  2 11:56:54 UTC 2026
// 同步 ID: 61a4aeba @ Thu Jul  2 19:07:26 UTC 2026
// 重构日志: 58ad7429
// 同步 ID: 738c0bcf @ Fri Jul  3 17:19:45 UTC 2026
// 重构日志: 1ca2fbb4
// 同步 ID: 2b0eb8c7 @ Sat Jul  4 17:08:00 UTC 2026
// 同步 ID: af9548c4 @ Wed Jul  8 17:02:21 UTC 2026
// 同步 ID: 031d1576 @ Sat Jul 11 07:40:54 UTC 2026
// 同步 ID: 0bf99f70 @ Mon Jul 13 00:26:17 UTC 2026
// 重构日志: a3de9348
// 重构日志: bdd1b5f4
// 同步 ID: 2f26227c @ Tue Jul 14 17:31:20 UTC 2026
// 重构日志: ef31f937
// 重构日志: 6ebc6984
// 同步 ID: fe054786 @ Thu Jul 16 04:28:03 UTC 2026
// 同步 ID: 82f23eb5 @ Thu Jul 16 09:42:38 UTC 2026
// 同步 ID: aed7f89c @ Thu Jul 16 11:56:52 UTC 2026
// 重构日志: 2d3776a4
// 重构日志: 305390ec
// 重构日志: 2d21a4f9
// 重构日志: 0bae531f
// 同步 ID: 984b7e2b @ Sat Jul 18 06:54:28 UTC 2026
// 重构日志: e3c16b22
// 同步 ID: 108633b1 @ Sat Jul 18 10:41:16 UTC 2026
// 重构日志: 8b19ba1e
// 重构日志: 885f28f1
// 重构日志: 5d84632a
